[debug] [2018-01-26T16:23:27.447Z] ----------------------------------------------------------------------
[debug] [2018-01-26T16:23:27.448Z] Command:       /usr/local/bin/node /usr/local/bin/firebase deploy --only functions
[debug] [2018-01-26T16:23:27.449Z] CLI Version:   3.17.3
[debug] [2018-01-26T16:23:27.449Z] Platform:      darwin
[debug] [2018-01-26T16:23:27.449Z] Node Version:  v8.9.1
[debug] [2018-01-26T16:23:27.449Z] Time:          Fri Jan 26 2018 22:23:27 GMT+0600 (+06)
[debug] [2018-01-26T16:23:27.449Z] ----------------------------------------------------------------------
[debug] 
[debug] [2018-01-26T16:23:27.464Z] > command requires scopes: ["email","openid","https://www.googleapis.com/auth/cloudplatformprojects.readonly","https://www.googleapis.com/auth/firebase","https://www.googleapis.com/auth/cloud-platform"]
[debug] [2018-01-26T16:23:27.464Z] > authorizing via signed-in user
[debug] [2018-01-26T16:23:27.466Z] >>> HTTP REQUEST GET https://admin.firebase.com/v1/projects/btw-kz  
  
 Fri Jan 26 2018 22:23:27 GMT+0600 (+06)
[debug] [2018-01-26T16:23:29.043Z] <<< HTTP RESPONSE 200
[debug] [2018-01-26T16:23:29.044Z] >>> HTTP REQUEST GET https://admin.firebase.com/v1/database/btw-kz/tokens  
  
 Fri Jan 26 2018 22:23:29 GMT+0600 (+06)
[debug] [2018-01-26T16:23:30.063Z] <<< HTTP RESPONSE 200
[info] 
[info] === Deploying to 'btw-kz'...
[info] 
[info] i  deploying functions
[debug] [2018-01-26T16:23:31.754Z] > [functions] package.json contents: {
  "name": "functions",
  "description": "Cloud Functions for Firebase",
  "scripts": {
    "serve": "firebase serve --only functions",
    "shell": "firebase experimental:functions:shell",
    "start": "npm run shell",
    "deploy": "firebase deploy --only functions",
    "logs": "firebase functions:log"
  },
  "dependencies": {
    "algoliasearch": "^3.24.9",
    "firebase-admin": "~5.4.2",
    "firebase-functions": "^0.7.5"
  },
  "private": true
}
[info] i  functions: ensuring necessary APIs are enabled...
[debug] [2018-01-26T16:23:31.755Z] >>> HTTP REQUEST GET https://servicemanagement.googleapis.com/v1/services/cloudfunctions.googleapis.com/projectSettings/btw-kz?view=CONSUMER_VIEW  
  
 Fri Jan 26 2018 22:23:31 GMT+0600 (+06)
[debug] [2018-01-26T16:23:31.755Z] >>> HTTP REQUEST GET https://servicemanagement.googleapis.com/v1/services/runtimeconfig.googleapis.com/projectSettings/btw-kz?view=CONSUMER_VIEW  
  
 Fri Jan 26 2018 22:23:31 GMT+0600 (+06)
[debug] [2018-01-26T16:23:34.558Z] <<< HTTP RESPONSE 200
[info] ✔  functions: all necessary APIs are enabled
[debug] [2018-01-26T16:23:34.944Z] <<< HTTP RESPONSE 200
[debug] [2018-01-26T16:23:34.945Z] >>> HTTP REQUEST GET https://appengine.googleapis.com/v1/apps/btw-kz  
  
 Fri Jan 26 2018 22:23:34 GMT+0600 (+06)
[debug] [2018-01-26T16:23:34.946Z] >>> HTTP REQUEST GET https://apikeys.googleapis.com/v1/projects/btw-kz/apiKeys  
  
 Fri Jan 26 2018 22:23:34 GMT+0600 (+06)
